<?xml version="1.0" encoding="UTF-8"?>
<!-- Generated by org.testng.reporters.JUnitXMLReporter -->
<testsuite ignored="0" hostname="LAPTOP-48V26LM1" failures="1" tests="4" name="Listener Testing" time="26.838" errors="0" timestamp="2022-04-12T20:01:59 IST">
  <testcase classname="ui.ListenerDemoTest" name="launchApp" time="10.07">
    <skipped/>
  </testcase> <!-- launchApp -->
  <testcase classname="ui.ListenerDemoTest" name="launchApp" time="1.994">
    <skipped/>
  </testcase> <!-- launchApp -->
  <testcase classname="ui.ListenerDemoTest" name="launchApp" time="10.297">
    <skipped/>
  </testcase> <!-- launchApp -->
  <testcase classname="ui.ListenerDemoTest" name="launchApp" time="4.156">
    <failure type="java.lang.AssertionError" message="expected [true] but found [false]">
      <![CDATA[java.lang.AssertionError: expected [true] but found [false]
at ui.ListenerDemoTest.launchApp(ListenerDemoTest.java:14)
at java.base/java.util.ArrayList.forEach(ArrayList.java:1540)
... Removed 31 stack frames]]>
    </failure>
  </testcase> <!-- launchApp -->
</testsuite> <!-- Listener Testing -->
