<?xml version="1.0" encoding="UTF-8"?>
<!-- Generated by org.testng.reporters.JUnitXMLReporter -->
<testsuite ignored="6" hostname="LAPTOP-48V26LM1" failures="0" tests="16" name="Command line test" time="13.268" errors="0" timestamp="2022-04-19T19:26:28 IST">
  <testcase classname="ui.DataproviderDemoTest" name="test" time="0.0"/>
  <testcase classname="ui.DataproviderDemoTest" name="test" time="0.0"/>
  <testcase classname="ui.DataproviderDemoTest" name="test" time="0.0"/>
  <testcase classname="ui.DataproviderDemoTest" name="test" time="0.0"/>
  <testcase classname="ui.DataproviderDemoTest" name="test1" time="0.0"/>
  <testcase classname="ui.DataproviderDemoTest" name="test1" time="0.008"/>
  <testcase classname="ui.DataproviderDemoTest" name="test1" time="0.0"/>
  <testcase classname="ui.DataproviderDemoTest" name="test1" time="0.0"/>
  <testcase classname="ui.GroupsDemoTest" name="bTest3" time="0.0"/>
  <testcase classname="ui.GroupsDemoTest" name="btest4" time="0.0"/>
  <testcase classname="ui.GroupsDemoTest" name="loginTest" time="0.0"/>
  <testcase classname="ui.GroupsDemoTest" name="logout" time="0.0"/>
  <testcase classname="ui.ListenerDemoTest" name="launchApp" time="5.33"/>
  <testcase classname="ui.LoginTest" name="loginTest" time="0.0"/>
  <testcase classname="ui.LoginTest" name="logout" time="0.0"/>
  <testcase classname="ui.VerifyTitleAndTextTest" name="titleTest" time="7.845"/>
  <testcase classname="common.CommonDataSetup" name="@BeforeSuite dataSetup" time="0.0">
    <ignored/>
  </testcase> <!-- @BeforeSuite dataSetup -->
  <testcase classname="common.CommonDataSetup" name="@AfterSuite Teardown" time="0.0">
    <ignored/>
  </testcase> <!-- @AfterSuite Teardown -->
  <testcase classname="common.CommonDataSetup" name="@BeforeSuite dataSetup" time="0.0">
    <ignored/>
  </testcase> <!-- @BeforeSuite dataSetup -->
  <testcase classname="common.BaseTest" name="@BeforeSuite launchBrowser" time="0.0">
    <ignored/>
  </testcase> <!-- @BeforeSuite launchBrowser -->
  <testcase classname="common.BaseTest" name="@AfterSuite closeBrowser" time="0.0">
    <ignored/>
  </testcase> <!-- @AfterSuite closeBrowser -->
  <testcase classname="common.CommonDataSetup" name="@AfterSuite Teardown" time="0.0">
    <ignored/>
  </testcase> <!-- @AfterSuite Teardown -->
</testsuite> <!-- Command line test -->
