<?xml version="1.0" encoding="UTF-8"?>
<!-- Generated by org.testng.reporters.JUnitXMLReporter -->
<testsuite ignored="13" hostname="LAPTOP-48V26LM1" failures="0" tests="33" name="Functional Testing" time="44.672" errors="0" timestamp="2022-04-15T19:29:33 IST">
  <testcase classname="ui.LoginTest" name="loginTest" time="0.003"/>
  <testcase classname="ui.LoginTest" name="logout" time="0.0"/>
  <testcase classname="ui.GroupsDemoTest" name="bTest3" time="0.001"/>
  <testcase classname="ui.GroupsDemoTest" name="btest4" time="0.0"/>
  <testcase classname="ui.GroupsDemoTest" name="loginTest" time="0.001"/>
  <testcase classname="ui.GroupsDemoTest" name="logout" time="0.001"/>
  <testcase classname="ui.SkipDemoException" name="btest4" time="0.001"/>
  <testcase classname="ui.SkipDemoException" name="skipTest2" time="0.001">
    <skipped/>
  </testcase> <!-- skipTest2 -->
  <testcase classname="ui.SkipDemoException" name="skipTest3" time="0.001">
    <skipped/>
  </testcase> <!-- skipTest3 -->
  <testcase classname="ui.ListenerDemoTest" name="launchApp" time="5.439"/>
  <testcase classname="ui.VerifyTitle" name="titleTest" time="13.246"/>
  <testcase classname="ui.GroupsDemoTest2" name="bTest3" time="0.001"/>
  <testcase classname="ui.GroupsDemoTest2" name="btest4" time="0.002"/>
  <testcase classname="ui.GroupsDemoTest2" name="loginTest" time="0.001"/>
  <testcase classname="ui.GroupsDemoTest2" name="logout" time="0.001"/>
  <testcase classname="ui.LaunchApplicationLogin" name="launchApplication" time="2.663"/>
  <testcase classname="ui.DataproviderDemoTest" name="test" time="0.001"/>
  <testcase classname="ui.DataproviderDemoTest" name="test" time="0.0"/>
  <testcase classname="ui.DataproviderDemoTest" name="test" time="0.001"/>
  <testcase classname="ui.DataproviderDemoTest" name="test" time="0.001"/>
  <testcase classname="ui.DataproviderDemoTest" name="test1" time="0.001"/>
  <testcase classname="ui.DataproviderDemoTest" name="test1" time="0.001"/>
  <testcase classname="ui.DataproviderDemoTest" name="test1" time="0.001"/>
  <testcase classname="ui.DataproviderDemoTest" name="test1" time="0.0"/>
  <testcase classname="ui.BeforeAfterClass" name="bTest3" time="0.001"/>
  <testcase classname="ui.BeforeAfterClass" name="btest4" time="0.0"/>
  <testcase classname="ui.BeforeAfterClass" name="loginTest" time="0.0"/>
  <testcase classname="ui.BeforeAfterClass" name="logout" time="0.0"/>
  <testcase classname="ui.VerifyTitleAndTextTest" name="titleTest" time="4.368"/>
  <testcase classname="ui.DataproviderDemoTest2Login" name="test1" time="2.498"/>
  <testcase classname="ui.DataproviderDemoTest2Login" name="test1" time="2.388"/>
  <testcase classname="ui.DataproviderDemoTest2Login" name="test1" time="2.352"/>
  <testcase classname="ui.DataproviderDemoTest2Login" name="test1" time="11.62"/>
  <testcase classname="ui.SkipDemoException" name="skipTest1" time="0.0">
    <ignored/>
  </testcase> <!-- skipTest1 -->
  <testcase classname="common.CommonDataSetup" name="@BeforeSuite dataSetup" time="0.0">
    <ignored/>
  </testcase> <!-- @BeforeSuite dataSetup -->
  <testcase classname="common.CommonDataSetup" name="@BeforeSuite dataSetup" time="0.0">
    <ignored/>
  </testcase> <!-- @BeforeSuite dataSetup -->
  <testcase classname="common.CommonDataSetup" name="@BeforeSuite dataSetup" time="0.0">
    <ignored/>
  </testcase> <!-- @BeforeSuite dataSetup -->
  <testcase classname="common.CommonDataSetup" name="@BeforeSuite dataSetup" time="0.0">
    <ignored/>
  </testcase> <!-- @BeforeSuite dataSetup -->
  <testcase classname="common.CommonDataSetup" name="@BeforeSuite dataSetup" time="0.0">
    <ignored/>
  </testcase> <!-- @BeforeSuite dataSetup -->
  <testcase classname="common.CommonDataSetup" name="@BeforeSuite dataSetup" time="0.0">
    <ignored/>
  </testcase> <!-- @BeforeSuite dataSetup -->
  <testcase classname="common.CommonDataSetup" name="@AfterSuite Teardown" time="0.0">
    <ignored/>
  </testcase> <!-- @AfterSuite Teardown -->
  <testcase classname="common.CommonDataSetup" name="@AfterSuite Teardown" time="0.0">
    <ignored/>
  </testcase> <!-- @AfterSuite Teardown -->
  <testcase classname="common.CommonDataSetup" name="@AfterSuite Teardown" time="0.0">
    <ignored/>
  </testcase> <!-- @AfterSuite Teardown -->
  <testcase classname="common.CommonDataSetup" name="@AfterSuite Teardown" time="0.0">
    <ignored/>
  </testcase> <!-- @AfterSuite Teardown -->
  <testcase classname="common.CommonDataSetup" name="@AfterSuite Teardown" time="0.0">
    <ignored/>
  </testcase> <!-- @AfterSuite Teardown -->
  <testcase classname="common.CommonDataSetup" name="@AfterSuite Teardown" time="0.0">
    <ignored/>
  </testcase> <!-- @AfterSuite Teardown -->
</testsuite> <!-- Functional Testing -->
