<?xml version="1.0" encoding="UTF-8"?>
<!-- Generated by org.testng.reporters.JUnitXMLReporter -->
<testsuite ignored="0" hostname="LAPTOP-48V26LM1" failures="0" tests="4" name="Functional Testing" time="22.249" errors="0" timestamp="2022-04-19T18:50:32 IST">
  <testcase classname="ui.DataproviderDemoTest2Login" name="test1" time="4.674"/>
  <testcase classname="ui.DataproviderDemoTest2Login" name="test1" time="2.754"/>
  <testcase classname="ui.DataproviderDemoTest2Login" name="test1" time="2.996"/>
  <testcase classname="ui.DataproviderDemoTest2Login" name="test1" time="11.78"/>
</testsuite> <!-- Functional Testing -->
