<?xml version="1.0" encoding="UTF-8"?>
<!-- Generated by org.testng.reporters.JUnitXMLReporter -->
<testsuite ignored="2" hostname="LAPTOP-48V26LM1" failures="0" tests="6" name="GRP-regression" time="0.047" errors="0" timestamp="2022-04-08T13:10:53 IST">
  <testcase classname="ui.GroupsDemoTest" name="bTest3" time="0.004"/>
  <testcase classname="ui.GroupsDemoTest" name="loginTest" time="0.001"/>
  <testcase classname="ui.GroupsDemoTest" name="logout" time="0.001"/>
  <testcase classname="ui.BeforeAfterClass" name="bTest3" time="0.001"/>
  <testcase classname="ui.BeforeAfterClass" name="loginTest" time="0.001"/>
  <testcase classname="ui.BeforeAfterClass" name="logout" time="0.001"/>
  <testcase classname="ui.BeforeAfterClass" name="btest4" time="0.0">
    <ignored/>
  </testcase> <!-- btest4 -->
  <testcase classname="ui.GroupsDemoTest" name="btest4" time="0.0">
    <ignored/>
  </testcase> <!-- btest4 -->
</testsuite> <!-- GRP-regression -->
