<?xml version="1.0" encoding="UTF-8"?>
<!-- Generated by org.testng.reporters.JUnitXMLReporter -->
<testsuite ignored="2" hostname="LAPTOP-48V26LM1" failures="0" tests="2" name="GRP-bvt" time="0.043" errors="0" timestamp="2022-04-08T11:09:01 IST">
  <testcase classname="ui.GroupsDemoTest" name="bTest3" time="0.006"/>
  <testcase classname="ui.GroupsDemoTest" name="btest4" time="0.001"/>
  <testcase classname="ui.GroupsDemoTest" name="logout" time="0.0">
    <ignored/>
  </testcase> <!-- logout -->
  <testcase classname="ui.GroupsDemoTest" name="loginTest" time="0.0">
    <ignored/>
  </testcase> <!-- loginTest -->
</testsuite> <!-- GRP-bvt -->
