<?xml version="1.0" encoding="UTF-8"?>
<!-- Generated by org.testng.reporters.JUnitXMLReporter -->
<testsuite ignored="0" hostname="LAPTOP-48V26LM1" failures="0" tests="4" name="GRP-user.registration" time="0.046" errors="0" timestamp="2022-04-08T11:12:04 IST">
  <testcase classname="ui.GroupsDemoTest" name="bTest3" time="0.007"/>
  <testcase classname="ui.GroupsDemoTest" name="btest4" time="0.002"/>
  <testcase classname="ui.GroupsDemoTest" name="loginTest" time="0.001"/>
  <testcase classname="ui.GroupsDemoTest" name="logout" time="0.001"/>
</testsuite> <!-- GRP-user.registration -->
